<?xml version="1.0" encoding="UTF-8"?>
<testsuite xmlns:xsi="http://www.w3.org/2001/XMLSchema-instance" xsi:noNamespaceSchemaLocation="https://maven.apache.org/surefire/maven-surefire-plugin/xsd/surefire-test-report.xsd" name="com.github.vitalliuss.helloci.AppTest" time="0.046" tests="5" errors="0" skipped="1" failures="1">
  <properties>
    <property name="java.specification.version" value="20"/>
    <property name="sun.cpu.isalist" value="amd64"/>
    <property name="sun.jnu.encoding" value="Cp1251"/>
    <property name="java.class.path" value="F:\MyFile\Univer\5sem\SoftwareTesting\lab5\Java\target\test-classes;F:\MyFile\Univer\5sem\SoftwareTesting\lab5\Java\target\classes;C:\Users\Frein\.m2\repository\junit\junit\4.12\junit-4.12.jar;C:\Users\Frein\.m2\repository\org\hamcrest\hamcrest-core\1.3\hamcrest-core-1.3.jar;"/>
    <property name="java.vm.vendor" value="Oracle Corporation"/>
    <property name="sun.arch.data.model" value="64"/>
    <property name="user.variant" value=""/>
    <property name="java.vendor.url" value="https://java.oracle.com/"/>
    <property name="user.timezone" value="Europe/Moscow"/>
    <property name="os.name" value="Windows 10"/>
    <property name="java.vm.specification.version" value="20"/>
    <property name="sun.java.launcher" value="SUN_STANDARD"/>
    <property name="user.country" value="RU"/>
    <property name="sun.boot.library.path" value="C:\Java\jdk20\bin"/>
    <property name="sun.java.command" value="C:\Users\Frein\AppData\Local\Temp\surefire15614166611071328048\surefirebooter3100142024591486860.jar C:\Users\Frein\AppData\Local\Temp\surefire15614166611071328048 2023-10-09T17-21-28_281-jvmRun1 surefire10534490281917666534tmp surefire_09389541576052355709tmp"/>
    <property name="jdk.debug" value="release"/>
    <property name="surefire.test.class.path" value="F:\MyFile\Univer\5sem\SoftwareTesting\lab5\Java\target\test-classes;F:\MyFile\Univer\5sem\SoftwareTesting\lab5\Java\target\classes;C:\Users\Frein\.m2\repository\junit\junit\4.12\junit-4.12.jar;C:\Users\Frein\.m2\repository\org\hamcrest\hamcrest-core\1.3\hamcrest-core-1.3.jar;"/>
    <property name="sun.cpu.endian" value="little"/>
    <property name="user.home" value="C:\Users\Frein"/>
    <property name="user.language" value="ru"/>
    <property name="java.specification.vendor" value="Oracle Corporation"/>
    <property name="java.version.date" value="2023-03-21"/>
    <property name="java.home" value="C:\Java\jdk20"/>
    <property name="file.separator" value="\"/>
    <property name="basedir" value="F:\MyFile\Univer\5sem\SoftwareTesting\lab5\Java"/>
    <property name="java.vm.compressedOopsMode" value="Zero based"/>
    <property name="line.separator" value="&#10;"/>
    <property name="java.vm.specification.vendor" value="Oracle Corporation"/>
    <property name="java.specification.name" value="Java Platform API Specification"/>
    <property name="surefire.real.class.path" value="C:\Users\Frein\AppData\Local\Temp\surefire15614166611071328048\surefirebooter3100142024591486860.jar"/>
    <property name="user.script" value=""/>
    <property name="sun.management.compiler" value="HotSpot 64-Bit Tiered Compilers"/>
    <property name="java.runtime.version" value="20+36-2344"/>
    <property name="user.name" value="Frein"/>
    <property name="stdout.encoding" value="Cp1251"/>
    <property name="path.separator" value=";"/>
    <property name="os.version" value="10.0"/>
    <property name="java.runtime.name" value="Java(TM) SE Runtime Environment"/>
    <property name="file.encoding" value="UTF-8"/>
    <property name="java.vm.name" value="Java HotSpot(TM) 64-Bit Server VM"/>
    <property name="localRepository" value="C:\Users\Frein\.m2\repository"/>
    <property name="java.vendor.url.bug" value="https://bugreport.java.com/bugreport/"/>
    <property name="java.io.tmpdir" value="C:\Users\Frein\AppData\Local\Temp\"/>
    <property name="java.version" value="20"/>
    <property name="user.dir" value="F:\MyFile\Univer\5sem\SoftwareTesting\lab5\Java"/>
    <property name="os.arch" value="amd64"/>
    <property name="java.vm.specification.name" value="Java Virtual Machine Specification"/>
    <property name="sun.os.patch.level" value=""/>
    <property name="native.encoding" value="Cp1251"/>
    <property name="java.library.path" value="C:\Java\jdk20\bin;C:\Windows\Sun\Java\bin;C:\Windows\system32;C:\Windows;C:\ProgramData\Oracle\Java\javapath;C:\Program Files\Common Files\Oracle\Java\javapath;C:\Program Files (x86)\VMware\VMware Player\bin\;C:\Windows\system32;C:\Windows;C:\Windows\System32\Wbem;C:\Windows\System32\WindowsPowerShell\v1.0\;C:\Windows\System32\OpenSSH\;C:\Program Files (x86)\Microsoft SQL Server\160\Tools\Binn\;C:\Program Files\Microsoft SQL Server\160\Tools\Binn\;C:\Program Files\Microsoft SQL Server\Client SDK\ODBC\170\Tools\Binn\;C:\Program Files\Microsoft SQL Server\160\DTS\Binn\;C:\Program Files\nodejs\;C:\ProgramData\chocolatey\bin;C:\Program Files (x86)\NVIDIA Corporation\PhysX\Common;C:\Program Files\NVIDIA Corporation\NVIDIA NvDLISR;C:\Program Files\Java\jdk1.8.0_231\bin;C:\Java\apache-maven-3.9.1\bin;C:\Program Files\Microsoft SQL Server\150\Tools\Binn\;C:\Program Files\Git\cmd;C:\Program Files\dotnet\;C:\Program Files (x86)\Windows Kits\10\Windows Performance Toolkit\;C:\Users\Frein\AppData\Local\Programs\Python\Python312\Scripts\;C:\Users\Frein\AppData\Local\Programs\Python\Python312\;C:\Users\Frein\AppData\Local\Programs\Python\Launcher\;C:\Users\Frein\AppData\Local\Programs\Microsoft VS Code\bin;C:\Users\Frein\.dotnet\tools;C:\Users\Frein\AppData\Local\GitHubDesktop\bin;."/>
    <property name="java.vm.info" value="mixed mode, sharing"/>
    <property name="stderr.encoding" value="Cp1251"/>
    <property name="java.vendor" value="Oracle Corporation"/>
    <property name="java.vm.version" value="20+36-2344"/>
    <property name="sun.io.unicode.encoding" value="UnicodeLittle"/>
    <property name="java.class.version" value="64.0"/>
  </properties>
  <testcase name="testShouldBeFailed" classname="com.github.vitalliuss.helloci.AppTest" time="0.009">
    <failure type="java.lang.AssertionError">java.lang.AssertionError
	at com.github.vitalliuss.helloci.AppTest.testShouldBeFailed(AppTest.java:21)
</failure>
  </testcase>
  <testcase name="testShouldBePassed" classname="com.github.vitalliuss.helloci.AppTest" time="0"/>
  <testcase name="testAnotherMethod" classname="com.github.vitalliuss.helloci.AppTest" time="0.001"/>
  <testcase name="testAnotherClass" classname="com.github.vitalliuss.helloci.AppTest" time="0.001"/>
  <testcase name="testShouldBeSKipped" classname="com.github.vitalliuss.helloci.AppTest" time="0">
    <skipped message="Not implemented yet"/>
  </testcase>
</testsuite>